<?xml version="1.0" encoding="UTF-8"?>
<!-- Generated by org.testng.reporters.JUnitXMLReporter -->
<testsuite hostname="LP-5CD120NLR8" ignored="0" name="Default test" tests="4" failures="0" timestamp="23 Oct 2021 07:58:57 GMT" time="49.584" errors="0">
  <testcase name="f" time="11.704" classname="ApachePOI.Apache_POI"/>
  <testcase name="f" time="7.843" classname="ApachePOI.Apache_POI"/>
  <testcase name="f" time="10.692" classname="ApachePOI.Apache_POI"/>
  <testcase name="f" time="10.211" classname="ApachePOI.Apache_POI"/>
</testsuite> <!-- Default test -->
